2018-12-08 11:31:59  [ INFO  ] - [ FormatConverter.View.Window.ComposeFrame:304 ]  组成窗体...
2018-12-08 11:31:59  [ INFO  ] - [ FormatConverter.View.Window.ReadConfig:336 ]  读取配置信息...
2018-12-08 11:31:59  [ INFO  ] - [ FormatConverter.View.Window.ReadConfig:346 ]  加载完成!
2018-12-08 11:32:01  [ INFO  ] - [ FormatConverter.View.Window$ChooseFile.actionPerformed:107 ]  声明动作监听
2018-12-08 11:32:02  [ INFO  ] - [ FormatConverter.View.Window$ChooseFile.actionPerformed:258 ]  操作数据库
2018-12-08 11:32:02  [ INFO  ] - [ FormatConverter.View.db.<init>:36 ]  载入数据库连接界面...
2018-12-08 11:32:02  [ INFO  ] - [ FormatConverter.DAL.DBConnection.connect:58 ]  开始进行数据库连接...
2018-12-08 11:32:02  [ INFO  ] - [ FormatConverter.DAL.DBConnection.connect:66 ]  加载数据库驱动...
2018-12-08 11:32:02  [ INFO  ] - [ FormatConverter.DAL.DBConnection.connect:71 ]  进行数据库连接...
2018-12-08 11:32:03  [ ERROR ] - [ FormatConverter.DAL.DBConnection.connect:76 ]  数据库连接异常：Access denied for user ''@'localhost' (using password: NO)
2018-12-08 11:32:05  [ INFO  ] - [ FormatConverter.DAL.DBConnection.connect:58 ]  开始进行数据库连接...
2018-12-08 11:32:05  [ INFO  ] - [ FormatConverter.DAL.DBConnection.connect:66 ]  加载数据库驱动...
2018-12-08 11:32:05  [ INFO  ] - [ FormatConverter.DAL.DBConnection.connect:71 ]  进行数据库连接...
2018-12-08 11:32:05  [ ERROR ] - [ FormatConverter.DAL.DBConnection.connect:76 ]  数据库连接异常：Access denied for user ''@'localhost' (using password: NO)
2018-12-08 11:32:23  [ INFO  ] - [ FormatConverter.DAL.DBConnection.connect:58 ]  开始进行数据库连接...
2018-12-08 11:32:23  [ INFO  ] - [ FormatConverter.DAL.DBConnection.connect:66 ]  加载数据库驱动...
2018-12-08 11:32:23  [ INFO  ] - [ FormatConverter.DAL.DBConnection.connect:71 ]  进行数据库连接...
2018-12-08 11:32:23  [ INFO  ] - [ FormatConverter.DAL.DBConnection.connect:83 ]  连接成功...
2018-12-08 11:32:24  [ INFO  ] - [ FormatConverter.DAL.DBConnection.getTableNames:118 ]  开始查询当前数据库的所有表名...
2018-12-08 11:32:24  [ INFO  ] - [ FormatConverter.DAL.DBConnection.getTableNames:129 ]  执行查询的Sql语句...
2018-12-08 11:32:24  [ INFO  ] - [ FormatConverter.DAL.DBConnection.getTableNames:131 ]  读取查询结果...
2018-12-08 11:32:24  [ INFO  ] - [ FormatConverter.DAL.DBConnection.getTableNames:137 ]  查询结束...
2018-12-08 11:32:28  [ INFO  ] - [ FormatConverter.View.db.actionPerformed:286 ]  断开连接
2018-12-08 11:32:28  [ INFO  ] - [ FormatConverter.DAL.DBConnection.close:92 ]  关闭当前数据库连接...
2018-12-08 11:32:29  [ INFO  ] - [ FormatConverter.DAL.DBConnection.connect:58 ]  开始进行数据库连接...
2018-12-08 11:32:29  [ INFO  ] - [ FormatConverter.DAL.DBConnection.connect:66 ]  加载数据库驱动...
2018-12-08 11:32:29  [ INFO  ] - [ FormatConverter.DAL.DBConnection.connect:71 ]  进行数据库连接...
2018-12-08 11:32:29  [ INFO  ] - [ FormatConverter.DAL.DBConnection.connect:83 ]  连接成功...
2018-12-08 11:32:29  [ INFO  ] - [ FormatConverter.DAL.DBConnection.getTableNames:118 ]  开始查询当前数据库的所有表名...
2018-12-08 11:32:29  [ INFO  ] - [ FormatConverter.DAL.DBConnection.getTableNames:129 ]  执行查询的Sql语句...
2018-12-08 11:32:29  [ INFO  ] - [ FormatConverter.DAL.DBConnection.getTableNames:131 ]  读取查询结果...
2018-12-08 11:32:29  [ INFO  ] - [ FormatConverter.DAL.DBConnection.getTableNames:137 ]  查询结束...
2018-12-08 11:32:34  [ INFO  ] - [ FormatConverter.View.db.actionPerformed:286 ]  断开连接
2018-12-08 11:32:34  [ INFO  ] - [ FormatConverter.DAL.DBConnection.close:92 ]  关闭当前数据库连接...
2018-12-08 11:32:48  [ INFO  ] - [ FormatConverter.View.db.actionPerformed:160 ]  退出数据库连接界面
2018-12-08 11:33:58  [ INFO  ] - [ FormatConverter.View.Window.InitComponents:49 ]  初始化窗体组件...
2018-12-08 11:33:59  [ INFO  ] - [ FormatConverter.View.Window.BindActionListener:269 ]  绑定动作监听...
2018-12-08 11:33:59  [ INFO  ] - [ FormatConverter.View.Window.ComposeFrame:304 ]  组成窗体...
2018-12-08 11:33:59  [ INFO  ] - [ FormatConverter.View.Window.ReadConfig:336 ]  读取配置信息...
2018-12-08 11:33:59  [ INFO  ] - [ FormatConverter.View.Window.ReadConfig:346 ]  加载完成!
2018-12-08 11:34:00  [ INFO  ] - [ FormatConverter.View.Window$ChooseFile.actionPerformed:107 ]  声明动作监听
2018-12-08 11:34:01  [ INFO  ] - [ FormatConverter.View.Window$ChooseFile.actionPerformed:258 ]  操作数据库
2018-12-08 11:34:01  [ INFO  ] - [ FormatConverter.View.db.<init>:36 ]  载入数据库连接界面...
2018-12-08 11:34:02  [ INFO  ] - [ FormatConverter.View.db.actionPerformed:160 ]  退出数据库连接界面
2018-12-08 11:34:02  [ INFO  ] - [ FormatConverter.View.Window$ChooseFile.actionPerformed:107 ]  声明动作监听
2018-12-08 11:34:03  [ INFO  ] - [ FormatConverter.View.Window$ChooseFile.actionPerformed:258 ]  操作数据库
2018-12-08 11:34:03  [ INFO  ] - [ FormatConverter.View.db.<init>:36 ]  载入数据库连接界面...
2018-12-08 11:34:05  [ INFO  ] - [ FormatConverter.View.db.actionPerformed:160 ]  退出数据库连接界面
2018-12-08 11:34:05  [ INFO  ] - [ FormatConverter.View.Window$ChooseFile.actionPerformed:107 ]  声明动作监听
2018-12-08 11:34:05  [ INFO  ] - [ FormatConverter.View.Window$ChooseFile.actionPerformed:258 ]  操作数据库
2018-12-08 11:34:05  [ INFO  ] - [ FormatConverter.View.db.<init>:36 ]  载入数据库连接界面...
2018-12-08 11:34:22  [ INFO  ] - [ FormatConverter.View.db.actionPerformed:160 ]  退出数据库连接界面
2018-12-08 11:34:22  [ INFO  ] - [ FormatConverter.View.Window$ChooseFile.actionPerformed:107 ]  声明动作监听
2018-12-08 11:34:22  [ INFO  ] - [ FormatConverter.View.Window$ChooseFile.actionPerformed:258 ]  操作数据库
2018-12-08 11:34:22  [ INFO  ] - [ FormatConverter.View.db.<init>:36 ]  载入数据库连接界面...
2018-12-08 11:34:25  [ INFO  ] - [ FormatConverter.View.db.actionPerformed:160 ]  退出数据库连接界面
2018-12-08 11:34:26  [ INFO  ] - [ FormatConverter.View.Window.windowClosing:328 ]  程序关闭
-------------------------------------
